Using pre-set license
Built from '2021.2/staging' branch; Version is '2021.2.1f1 (c20c6d589440) revision 12717165'; Using compiler version '192829333'; Build Type 'Release'
OS: 'Windows 10 Home; OS build 19043.1706; Version 2009; 64bit' Language: 'en' Physical Memory: 6057 MB
BatchMode: 1, IsHumanControllingUs: 0, StartBugReporterOnCrash: 0, Is64bit: 1, IsPro: 0

COMMAND LINE ARGUMENTS:
C:\Program Files\Unity\Hub\Editor\2021.2.1f1\Editor\Unity.exe
-adb2
-batchMode
-noUpm
-name
AssetImportWorker0
-projectPath
C:/Users/Eliaz Simon/unity/pg_AI_uiFIX_instantiateTrees
-logFile
Logs/AssetImportWorker0.log
-srvPort
63194
Successfully changed project path to: C:/Users/Eliaz Simon/unity/pg_AI_uiFIX_instantiateTrees
C:/Users/Eliaz Simon/unity/pg_AI_uiFIX_instantiateTrees
[UnityMemory] Configuration Parameters - Can be set up in boot.config
    "memorysetup-bucket-allocator-granularity=16"
    "memorysetup-bucket-allocator-bucket-count=8"
    "memorysetup-bucket-allocator-block-size=33554432"
    "memorysetup-bucket-allocator-block-count=8"
    "memorysetup-main-allocator-block-size=16777216"
    "memorysetup-thread-allocator-block-size=16777216"
    "memorysetup-gfx-main-allocator-block-size=16777216"
    "memorysetup-gfx-thread-allocator-block-size=16777216"
    "memorysetup-cache-allocator-block-size=4194304"
    "memorysetup-typetree-allocator-block-size=2097152"
    "memorysetup-profiler-bucket-allocator-granularity=16"
    "memorysetup-profiler-bucket-allocator-bucket-count=8"
    "memorysetup-profiler-bucket-allocator-block-size=33554432"
    "memorysetup-profiler-bucket-allocator-block-count=8"
    "memorysetup-profiler-allocator-block-size=16777216"
    "memorysetup-profiler-editor-allocator-block-size=1048576"
    "memorysetup-temp-allocator-size-main=16777216"
    "memorysetup-job-temp-allocator-block-size=2097152"
    "memorysetup-job-temp-allocator-block-size-background=1048576"
    "memorysetup-job-temp-allocator-reduction-small-platforms=262144"
    "memorysetup-temp-allocator-size-background-worker=32768"
    "memorysetup-temp-allocator-size-job-worker=262144"
    "memorysetup-temp-allocator-size-preload-manager=33554432"
    "memorysetup-temp-allocator-size-nav-mesh-worker=65536"
    "memorysetup-temp-allocator-size-audio-worker=65536"
    "memorysetup-temp-allocator-size-cloud-worker=32768"
    "memorysetup-temp-allocator-size-gi-baking-worker=262144"
    "memorysetup-temp-allocator-size-gfx=262144"
Refreshing native plugins compatible for Editor in 63.69 ms, found 2 plugins.
Preloading 0 native plugins for Editor in 0.00 ms.
Initialize engine version: 2021.2.1f1 (c20c6d589440)
[Subsystems] Discovering subsystems at path C:/Program Files/Unity/Hub/Editor/2021.2.1f1/Editor/Data/Resources/UnitySubsystems
[Subsystems] Discovering subsystems at path C:/Users/Eliaz Simon/unity/pg_AI_uiFIX_instantiateTrees/Assets
GfxDevice: creating device client; threaded=0; jobified=0
Direct3D:
    Version:  Direct3D 11.0 [level 11.1]
    Renderer: AMD Radeon(TM) Vega 8 Graphics (ID=0x15d8)
    Vendor:   ATI
    VRAM:     3028 MB
    Driver:   26.20.14042.2
Initialize mono
Mono path[0] = 'C:/Program Files/Unity/Hub/Editor/2021.2.1f1/Editor/Data/Managed'
Mono path[1] = 'C:/Program Files/Unity/Hub/Editor/2021.2.1f1/Editor/Data/MonoBleedingEdge/lib/mono/unityjit-win32'
Mono config path = 'C:/Program Files/Unity/Hub/Editor/2021.2.1f1/Editor/Data/MonoBleedingEdge/etc'
Using monoOptions --debugger-agent=transport=dt_socket,embedding=1,server=y,suspend=n,address=127.0.0.1:56744
Begin MonoManager ReloadAssembly
Registering precompiled unity dll's ...
Register platform support module: C:/Program Files/Unity/Hub/Editor/2021.2.1f1/Editor/Data/PlaybackEngines/WindowsStandaloneSupport/UnityEditor.WindowsStandalone.Extensions.dll
Registered in 0.017229 seconds.
Native extension for WindowsStandalone target not found
Refreshing native plugins compatible for Editor in 59.11 ms, found 2 plugins.
Preloading 0 native plugins for Editor in 0.00 ms.
Mono: successfully reloaded assembly
- Completed reload, in  4.467 seconds
Domain Reload Profiling:
	ReloadAssembly (4468ms)
		BeginReloadAssembly (227ms)
			ExecutionOrderSort (0ms)
			DisableScriptedObjects (0ms)
			BackupInstance (0ms)
			ReleaseScriptingObjects (0ms)
			CreateAndSetChildDomain (4ms)
		EndReloadAssembly (900ms)
			LoadAssemblies (217ms)
			RebuildTransferFunctionScriptingTraits (1ms)
			SetupTypeCache (196ms)
			ReleaseScriptCaches (0ms)
			RebuildScriptCaches (66ms)
			SetupLoadedEditorAssemblies (514ms)
				LogAssemblyErrors (0ms)
				InitializePlatformSupportModulesInManaged (17ms)
				SetLoadedEditorAssemblies (0ms)
				RefreshPlugins (59ms)
				BeforeProcessingInitializeOnLoad (3ms)
				ProcessInitializeOnLoadAttributes (323ms)
				ProcessInitializeOnLoadMethodAttributes (112ms)
				AfterProcessingInitializeOnLoad (0ms)
				EditorAssembliesLoaded (1ms)
			ExecutionOrderSort2 (0ms)
			AwakeInstancesAfterBackupRestoration (0ms)
Platform modules already initialized, skipping
Registering precompiled user dll's ...
Registered in 0.019005 seconds.
Begin MonoManager ReloadAssembly
Native extension for WindowsStandalone target not found
Refreshing native plugins compatible for Editor in 0.87 ms, found 2 plugins.
Preloading 0 native plugins for Editor in 0.00 ms.
Mono: successfully reloaded assembly
- Completed reload, in  2.661 seconds
Domain Reload Profiling:
	ReloadAssembly (2662ms)
		BeginReloadAssembly (563ms)
			ExecutionOrderSort (0ms)
			DisableScriptedObjects (15ms)
			BackupInstance (0ms)
			ReleaseScriptingObjects (0ms)
			CreateAndSetChildDomain (41ms)
		EndReloadAssembly (1826ms)
			LoadAssemblies (163ms)
			RebuildTransferFunctionScriptingTraits (0ms)
			SetupTypeCache (473ms)
			ReleaseScriptCaches (1ms)
			RebuildScriptCaches (127ms)
			SetupLoadedEditorAssemblies (766ms)
				LogAssemblyErrors (0ms)
				InitializePlatformSupportModulesInManaged (30ms)
				SetLoadedEditorAssemblies (1ms)
				RefreshPlugins (1ms)
				BeforeProcessingInitializeOnLoad (128ms)
				ProcessInitializeOnLoadAttributes (527ms)
				ProcessInitializeOnLoadMethodAttributes (58ms)
				AfterProcessingInitializeOnLoad (20ms)
				EditorAssembliesLoaded (1ms)
			ExecutionOrderSort2 (0ms)
			AwakeInstancesAfterBackupRestoration (17ms)
Platform modules already initialized, skipping
========================================================================
Worker process is ready to serve import requests
Launched and connected shader compiler UnityShaderCompiler.exe after 0.09 seconds
Refreshing native plugins compatible for Editor in 0.80 ms, found 2 plugins.
Preloading 0 native plugins for Editor in 0.00 ms.
Unloading 1584 Unused Serialized files (Serialized files now loaded: 0)
Unloading 19 unused Assets / (49.2 KB). Loaded Objects now: 2051.
Memory consumption went from 75.2 MB to 75.1 MB.
Total: 7.589800 ms (FindLiveObjects: 0.315100 ms CreateObjectMapping: 0.107300 ms MarkObjects: 6.938600 ms  DeleteObjects: 0.225900 ms)

AssetImportParameters requested are different than current active one (requested -> active):
  custom:video-decoder-ogg-theora: a1e56fd34408186e4bbccfd4996cb3dc -> 
  custom:container-muxer-webm: aa71ff27fc2769a1b78a27578f13a17b -> 
  custom:container-demuxer-webm: 4f35f7cbe854078d1ac9338744f61a02 -> 
  custom:video-encoder-webm-vp8: eb34c28f22e8b96e1ab97ce403110664 -> 
  custom:audio-encoder-webm-vorbis: bf7c407c2cedff20999df2af8eb42d56 -> 
  custom:framework-win-MediaFoundation: 216162199b28c13a410421893ffa2e32 -> 
  custom:container-demuxer-ogg: 62fdf1f143b41e24485cea50d1cbac27 -> 
  custom:video-decoder-webm-vp8: 9c59270c3fd7afecdb556c50c9e8de78 -> 
  custom:audio-decoder-ogg-vorbis: bf7c407c2cedff20999df2af8eb42d56 -> 
========================================================================
Received Import Request.
  Time since last request: 50198.075945 seconds.
  path: Assets/Scripts/MapGenerator.cs
  artifactKey: Guid(916b4f4143ed7456294aa19afa97bde8) Importer(815301076,1909f56bfc062723c751e8b465ee728b)
Start importing Assets/Scripts/MapGenerator.cs using Guid(916b4f4143ed7456294aa19afa97bde8) Importer(815301076,1909f56bfc062723c751e8b465ee728b)  -> (artifact id: '25130ec7a8704baeb612396dc229791f') in 0.066522 seconds 
========================================================================
Received Import Request.
  Time since last request: 5.468152 seconds.
  path: Assets/Scripts/NPCs/GenerateEnemies.cs
  artifactKey: Guid(bb77b1932eedbf949a950b0531544934) Importer(815301076,1909f56bfc062723c751e8b465ee728b)
Start importing Assets/Scripts/NPCs/GenerateEnemies.cs using Guid(bb77b1932eedbf949a950b0531544934) Importer(815301076,1909f56bfc062723c751e8b465ee728b)  -> (artifact id: 'c4e53b738ff446077724c8070b328fbb') in 0.011731 seconds 
========================================================================
Received Import Request.
  Time since last request: 0.959576 seconds.
  path: Assets/Scripts/NPCs/GenerateNPC.cs
  artifactKey: Guid(9aed5121b713b06439ade00449f768e3) Importer(815301076,1909f56bfc062723c751e8b465ee728b)
Start importing Assets/Scripts/NPCs/GenerateNPC.cs using Guid(9aed5121b713b06439ade00449f768e3) Importer(815301076,1909f56bfc062723c751e8b465ee728b)  -> (artifact id: 'c070ee2f51e5f84faf4f6c908d4e2eb0') in 0.012463 seconds 
========================================================================
Received Import Request.
  Time since last request: 439.160016 seconds.
  path: Assets/Scripts/DeveloperConsole/DebugController.cs
  artifactKey: Guid(f668a31a948e931458a488b8486edf0b) Importer(815301076,1909f56bfc062723c751e8b465ee728b)
Start importing Assets/Scripts/DeveloperConsole/DebugController.cs using Guid(f668a31a948e931458a488b8486edf0b) Importer(815301076,1909f56bfc062723c751e8b465ee728b)  -> (artifact id: 'f453482c9716e84c45ec043a8b8573c0') in 0.014233 seconds 
========================================================================
Received Import Request.
  Time since last request: 2.510458 seconds.
  path: Assets/Scripts/DeveloperConsole/DeveloperConsole.cs
  artifactKey: Guid(012efc4aba7e75444a4d26fd4b277555) Importer(815301076,1909f56bfc062723c751e8b465ee728b)
Start importing Assets/Scripts/DeveloperConsole/DeveloperConsole.cs using Guid(012efc4aba7e75444a4d26fd4b277555) Importer(815301076,1909f56bfc062723c751e8b465ee728b)  -> (artifact id: '47a6cbfc58d9dd1a3733109acd95f2be') in 0.012329 seconds 
========================================================================
Received Import Request.
  Time since last request: 18.652845 seconds.
  path: Assets/Scripts/NPCs/Passive/PassiveAi.cs
  artifactKey: Guid(a7fa9b090f331a94cbe00ca550fb7cb0) Importer(815301076,1909f56bfc062723c751e8b465ee728b)
Start importing Assets/Scripts/NPCs/Passive/PassiveAi.cs using Guid(a7fa9b090f331a94cbe00ca550fb7cb0) Importer(815301076,1909f56bfc062723c751e8b465ee728b)  -> (artifact id: '2e2a6d2ed2d98f3a4f52e109ef4552aa') in 0.014291 seconds 
========================================================================
Received Import Request.
  Time since last request: 3.760442 seconds.
  path: Assets/Scripts/NPCs/NPC/Npc.cs
  artifactKey: Guid(d7011a0fbc73ca3459eba4b66a505f81) Importer(815301076,1909f56bfc062723c751e8b465ee728b)
Start importing Assets/Scripts/NPCs/NPC/Npc.cs using Guid(d7011a0fbc73ca3459eba4b66a505f81) Importer(815301076,1909f56bfc062723c751e8b465ee728b)  -> (artifact id: '3b2116266477c5ea50ec06bb7a6fdef3') in 0.013963 seconds 
========================================================================
Received Import Request.
  Time since last request: 6.292968 seconds.
  path: Assets/Scripts/NPCs/NewEnemy_WiithGroundDeteciton
  artifactKey: Guid(b375509e3d27c3d40878ca931166c611) Importer(815301076,1909f56bfc062723c751e8b465ee728b)
Start importing Assets/Scripts/NPCs/NewEnemy_WiithGroundDeteciton using Guid(b375509e3d27c3d40878ca931166c611) Importer(815301076,1909f56bfc062723c751e8b465ee728b)  -> (artifact id: '46db566afcd1134ffa2fb626678a0f01') in 0.015258 seconds 
========================================================================
Received Import Request.
  Time since last request: 1.144513 seconds.
  path: Assets/Scripts/NPCs/NewEnemy_WiithGroundDeteciton/NewEnemy.cs
  artifactKey: Guid(3f6e99b69a7e80741a4912bb42fe1cc2) Importer(815301076,1909f56bfc062723c751e8b465ee728b)
Start importing Assets/Scripts/NPCs/NewEnemy_WiithGroundDeteciton/NewEnemy.cs using Guid(3f6e99b69a7e80741a4912bb42fe1cc2) Importer(815301076,1909f56bfc062723c751e8b465ee728b)  -> (artifact id: '046954286a846ed7b83d02c7a56db553') in 0.012662 seconds 
========================================================================
Received Import Request.
  Time since last request: 4.021495 seconds.
  path: Assets/Scripts/NPCs/Enemy/Enemy_Master.cs
  artifactKey: Guid(35772c1908b8bd24081f03d1ea9ed154) Importer(815301076,1909f56bfc062723c751e8b465ee728b)
Start importing Assets/Scripts/NPCs/Enemy/Enemy_Master.cs using Guid(35772c1908b8bd24081f03d1ea9ed154) Importer(815301076,1909f56bfc062723c751e8b465ee728b)  -> (artifact id: '46447b7d1914ad450c20d162ca311ce6') in 0.012726 seconds 
========================================================================
Received Import Request.
  Time since last request: 16.244939 seconds.
  path: Assets/Scripts/Buttons/PauseMenu.cs
  artifactKey: Guid(bc731a6c984e7f448aa2ea6306b9c163) Importer(815301076,1909f56bfc062723c751e8b465ee728b)
Start importing Assets/Scripts/Buttons/PauseMenu.cs using Guid(bc731a6c984e7f448aa2ea6306b9c163) Importer(815301076,1909f56bfc062723c751e8b465ee728b)  -> (artifact id: '0f7892ef072b33d1398c4aaff82033c7') in 0.012104 seconds 
